2025-02-18 12:09 
Name functionhello_world
return arguments function Hello World
----------------------------------------
2025-02-18 12:09 
Name functionsummator
Initial arguments: args=(2, 2), kwargs={}
return arguments function 4
----------------------------------------
2025-02-18 12:09 
Name functiondiv
Initial arguments: args=(6, 2), kwargs={}
return arguments function 3.0
----------------------------------------
2025-02-18 12:09 
Name functionsummator
Initial arguments: args=(4.3,), kwargs={'b': 2.2}
return arguments function 6.5
----------------------------------------
2025-02-18 12:09 
Name functionsummator
Initial arguments: args=(), kwargs={'a': 0, 'b': 0}
return arguments function 0
----------------------------------------
